"report-def-1-rfile"
"Iteration" "report-def-1"
("Iteration" "report-def-1")
1 -21286.39
2 1.201379e+07
3 1.173369e+07
4 1.221122e+07
5 8645985
6 6705288
7 7373764
8 6710495
9 6259007
10 6070192
11 6823094
12 8455098
13 1.085349e+07
14 1.284913e+07
15 1.433506e+07
16 1.431213e+07
17 1.406033e+07
18 1.465105e+07
19 1.432164e+07
20 1.44814e+07
21 1.442912e+07
22 1.434856e+07
23 1.422997e+07
24 1.380645e+07
25 1.360509e+07
26 1.397251e+07
27 1.397189e+07
28 1.39346e+07
29 1.391026e+07
30 1.375863e+07
31 1.350847e+07
32 1.317105e+07
33 1.286901e+07
34 1.226087e+07
35 1.221401e+07
36 1.197398e+07
37 1.139652e+07
38 1.093329e+07
39 9845193
40 9080462
41 8766920
42 8169095
43 7755093
44 5207049
45 5092554
46 4826914
47 4736001
48 4528317
49 4391463
50 4238076
51 4107022
52 3828178
53 3547273
54 3266228
55 3057523
56 2785334
57 2636369
58 2411589
59 2329275
60 2149888
61 2083786
62 1997117
63 1924741
64 1872844
65 1777646
66 1772668
67 1764632
68 1776111
69 1791403
70 1812154
71 1836367
72 1851145
73 1884586
74 1917010
75 1955408
76 2012343
77 2065768
78 2120614
79 2170126
80 2209151
81 2237210
82 2257305
83 2268971
84 2268933
85 2259739
86 2263928
87 2264215
88 2227209
89 2192472
90 2147748
91 2089419
92 2048143
93 1981228
94 1958040
95 1917644
96 1911770
97 1886251
98 1872991
99 1869682
100 1883214
101 1882142
102 1868403
103 1852184
104 1830624
105 1836199
106 1823935
107 1817459
108 1805174
109 1798780
110 1793287
111 1793448
112 1796008
113 1787797
114 1780517
115 1779157
116 1768807
117 1757758
118 1746582
119 1742811
120 1726660
121 1727017
122 1717442
123 1712405
124 1709884
125 1702933
126 1701748
127 1702914
128 1692926
129 1683576
130 1683136
131 1668609
132 1657489
133 1649802
134 1642117
135 1635577
136 1630950
137 1626996
138 1622324
139 1627596
140 1624706
141 1625344
142 1622902
143 1622629
144 1624872
145 1629315
146 1635486
147 1640817
148 1642078
149 1643562
150 1646836
151 1649648
152 1653314
153 1654220
154 1651377
155 1650147
156 1647076
157 1645451
158 1635846
159 1630922
160 1618653
161 1612418
162 1609432
163 1605386
164 1601099
165 1598236
166 1594045
167 1588616
168 1588322
169 1587049
170 1583863
171 1580888
172 1576932
173 1576069
174 1574648
175 1574294
176 1572834
177 1571687
178 1571257
179 1571124
180 1570555
181 1570349
182 1570496
183 1571511
184 1572013
185 1572987
186 1574559
187 1575254
188 1576163
189 1576731
190 1577766
191 1578531
192 1578902
193 1579135
194 1579059
195 1579719
196 1579408
197 1578801
198 1578906
199 1579070
200 1579807
201 1579823
202 1580455
203 1580500
204 1580648
205 1580597
206 1580572
207 1580722
208 1581301
209 1581307
210 1581521
211 1581621
212 1581634
213 1581580
214 1581647
215 1581328
216 1580611
217 1580253
218 1579566
219 1578847
220 1578384
221 1577809
222 1577609
223 1576613
224 1576117
225 1575819
226 1574815
227 1574618
228 1574061
229 1573360
230 1572900
231 1572058
232 1571117
233 1570944
234 1569839
235 1569208
236 1568992
237 1568518
238 1568161
239 1567591
240 1567211
241 1566941
242 1566712
243 1566693
244 1566738
245 1566771
246 1566849
247 1566933
248 1567082
249 1567247
250 1567373
251 1567486
252 1567647
253 1567818
254 1567949
255 1568094
256 1568187
257 1568279
258 1568367
259 1568455
260 1568409
261 1568396
262 1568307
263 1568189
264 1568058
265 1568015
266 1567946
267 1567846
268 1567769
269 1567609
270 1567541
271 1567437
272 1567257
273 1567096
274 1566905
275 1566846
276 1566659
277 1566548
278 1566492
279 1566373
280 1566304
281 1566238
282 1566174
283 1566124
284 1566060
285 1565997
286 1565963
287 1565887
288 1565837
289 1565798
290 1565787
291 1565752
292 1565689
293 1565646
294 1565604
295 1565580
296 1565567
297 1565544
298 1565524
299 1565495
300 1565491
301 1565498
302 1565497
303 1565503
304 1565516
305 1565529
306 1565539
307 1565553
308 1565584
309 1565603
310 1565638
311 1565669
312 1565714
313 1565754
314 1565819
315 1565860
316 1565898
317 1565930
318 1565963
319 1566009
320 1566040
321 1566073
322 1566098
323 1566122
324 1566145
325 1566171
326 1566195
327 1566222
328 1566253
329 1566274
330 1566300
331 1566320
332 1566353
333 1566388
334 1566409
335 1566425
336 1566446
337 1566467
338 1566490
339 1566516
340 1566541
341 1566559
342 1566582
343 1566604
344 1566631
345 1566658
346 1566683
347 1566711
348 1566737
349 1566760
350 1566779
351 1566806
352 1566841
353 1566865
354 1566895
355 1566925
356 1566954
357 1566981
358 1567010
359 1567045
360 1567069
361 1567097
362 1567125
363 1567151
364 1567192
365 1567215
366 1567253
367 1567299
368 1567329
369 1567362
370 1567391
371 1567411
372 1567431
373 1567450
374 1567470
375 1567487
376 1567505
377 1567524
378 1567536
379 1567552
380 1567568
381 1567592
382 1567613
383 1567633
384 1567670
385 1567699
386 1567727
387 1567751
388 1567778
389 1567796
390 1567823
391 1567848
392 1567876
393 1567904
394 1567936
395 1567963
396 1567987
397 1568008
398 1568029
399 1568046
400 1568067
401 1568097
402 1568122
403 1568145
404 1568169
405 1568192
406 1568212
407 1568233
408 1568257
409 1568276
410 1568298
411 1568321
412 1568344
413 1568367
414 1568388
415 1568415
416 1568440
417 1568468
418 1568497
419 1568525
420 1568553
421 1568580
422 1568612
423 1568639
424 1568666
425 1568698
426 1568729
427 1568745
428 1568767
429 1568789
430 1568805
431 1568823
432 1568841
433 1568859
434 1568875
435 1568890
436 1568899
437 1568910
438 1568925
439 1568938
440 1568957
441 1568968
442 1568979
443 1568992
444 1569012
445 1569030
446 1569045
447 1569071
448 1569091
449 1569107
450 1569118
451 1569137
452 1569154
453 1569170
454 1569187
455 1569205
456 1569221
457 1569239
458 1569258
459 1569296
460 1569318
461 1569341
462 1569367
463 1569386
464 1569409
465 1569435
466 1569456
467 1569475
468 1569498
469 1569513
470 1569534
471 1569547
472 1569563
473 1569581
474 1569599
475 1569615
476 1569632
477 1569653
478 1569673
479 1569692
480 1569715
481 1569739
482 1569757
483 1569782
484 1569800
485 1569823
486 1569848
487 1569870
488 1569888
489 1569912
490 1569926
491 1569947
492 1569968
493 1569989
494 1570007
495 1570029
496 1570050
497 1570075
498 1570092
499 1570105
500 1570123
501 1570141
502 1570166
503 1570189
504 1570210
505 1570228
506 1570244
507 1570266
508 1570292
509 1570317
510 1570339
511 1570359
512 1570380
513 1570401
514 1570418
515 1570427
516 1570442
517 1570460
518 1570479
519 1570494
520 1570505
521 1570518
522 1570535
523 1570553
524 1570571
525 1570583
526 1570596
527 1570609
528 1570627
529 1570651
530 1570674
531 1570695
532 1570715
533 1570737
534 1570756
535 1570768
536 1570787
537 1570806
538 1570828
539 1570856
540 1570878
541 1570903
542 1570922
543 1570937
544 1570953
545 1570970
546 1570988
547 1571008
548 1571014
549 1571030
550 1571044
551 1571058
552 1571076
553 1571095
554 1571107
555 1571117
556 1571132
557 1571144
558 1571158
559 1571171
560 1571182
561 1571195
562 1571208
563 1571218
564 1571230
565 1571240
566 1571251
567 1571267
568 1571288
569 1571301
570 1571326
571 1571346
572 1571364
573 1571382
574 1571397
575 1571414
576 1571428
577 1571443
578 1571456
579 1571472
580 1571487
581 1571504
582 1571524
583 1571542
584 1571562
585 1571579
586 1571600
587 1571623
588 1571648
589 1571676
590 1571694
591 1571710
592 1571724
593 1571736
594 1571748
595 1571760
596 1571766
597 1571776
598 1571786
599 1571800
600 1571812
601 1571821
602 1571833
603 1571846
604 1571853
605 1571863
606 1571871
607 1571882
608 1571893
609 1571905
610 1571917
611 1571931
612 1571944
613 1571959
614 1571974
615 1571986
616 1572000
617 1572010
618 1572027
619 1572043
620 1572054
621 1572067
622 1572079
623 1572092
624 1572102
625 1572118
626 1572133
627 1572142
628 1572154
629 1572156
630 1572170
631 1572182
632 1572196
633 1572208
634 1572216
635 1572226
636 1572235
637 1572243
638 1572248
639 1572251
640 1572260
641 1572269
642 1572282
643 1572295
644 1572308
645 1572316
646 1572320
647 1572332
648 1572348
649 1572361
650 1572381
651 1572398
652 1572410
653 1572424
654 1572437
655 1572445
656 1572456
657 1572464
658 1572477
659 1572484
660 1572497
661 1572504
662 1572514
663 1572524
664 1572534
665 1572544
666 1572557
667 1572570
668 1572583
669 1572594
670 1572605
671 1572614
672 1572622
673 1572632
674 1572643
675 1572652
676 1572662
677 1572672
678 1572683
679 1572689
680 1572697
681 1572704
682 1572714
683 1572721
684 1572734
685 1572743
686 1572748
687 1572756
688 1572760
689 1572766
690 1572776
691 1572778
692 1572784
693 1572791
694 1572799
695 1572805
696 1572813
697 1572820
698 1572824
699 1572829
700 1572835
701 1572842
702 1572844
703 1572848
704 1572855
705 1572861
706 1572865
707 1572871
708 1572877
709 1572881
710 1572885
711 1572890
712 1572893
713 1572898
714 1572903
715 1572908
716 1572914
717 1572918
718 1572925
719 1572931
720 1572937
721 1572943
722 1572948
723 1572952
724 1572958
725 1572963
726 1572970
727 1572973
728 1572978
729 1572984
730 1572990
731 1572993
732 1572998
733 1573000
734 1573006
735 1573009
736 1573009
737 1573009
738 1573010
739 1573008
740 1573011
741 1573015
742 1573018
743 1573021
744 1573025
745 1573029
746 1573030
747 1573036
748 1573043
749 1573049
750 1573053
751 1573056
752 1573062
753 1573067
754 1573072
755 1573076
756 1573081
757 1573084
758 1573087
759 1573093
760 1573095
761 1573097
762 1573099
763 1573099
764 1573099
765 1573100
766 1573100
767 1573098
768 1573097
769 1573096
770 1573094
771 1573090
772 1573086
773 1573081
774 1573078
775 1573075
776 1573072
777 1573069
778 1573066
779 1573066
780 1573066
781 1573066
782 1573072
783 1573070
784 1573076
785 1573079
786 1573082
787 1573085
788 1573090
789 1573094
790 1573100
791 1573103
792 1573108
793 1573111
794 1573118
795 1573123
796 1573129
797 1573133
798 1573137
799 1573142
800 1573145
801 1573149
802 1573150
803 1573152
804 1573154
805 1573154
806 1573154
807 1573156
808 1573153
809 1573153
810 1573152
811 1573151
812 1573155
813 1573154
814 1573159
815 1573162
816 1573168
817 1573174
818 1573180
819 1573185
820 1573190
821 1573193
822 1573194
823 1573199
824 1573203
825 1573210
826 1573216
827 1573222
828 1573227
829 1573233
830 1573241
831 1573246
832 1573252
833 1573254
834 1573256
835 1573260
836 1573261
837 1573262
838 1573263
839 1573267
840 1573271
841 1573269
842 1573267
843 1573265
844 1573266
845 1573268
846 1573265
847 1573263
848 1573263
849 1573260
850 1573259
851 1573257
852 1573256
853 1573256
854 1573250
855 1573246
856 1573241
857 1573241
858 1573235
859 1573237
860 1573237
861 1573234
862 1573230
863 1573230
864 1573227
865 1573223
866 1573224
867 1573220
868 1573225
869 1573224
870 1573224
871 1573221
872 1573211
873 1573207
874 1573207
875 1573208
876 1573210
877 1573204
878 1573202
879 1573201
880 1573206
881 1573206
882 1573204
883 1573206
884 1573207
885 1573205
886 1573205
887 1573201
888 1573198
889 1573196
890 1573192
891 1573192
892 1573191
893 1573190
894 1573193
895 1573190
896 1573190
897 1573185
898 1573186
899 1573186
900 1573182
901 1573180
902 1573177
903 1573172
904 1573170
905 1573163
906 1573160
907 1573156
908 1573147
909 1573141
910 1573134
911 1573128
912 1573124
913 1573118
914 1573114
915 1573110
916 1573109
917 1573106
918 1573103
919 1573101
920 1573100
921 1573100
922 1573099
923 1573099
924 1573103
925 1573105
926 1573108
927 1573109
928 1573111
929 1573115
930 1573118
931 1573122
932 1573126
933 1573130
934 1573133
935 1573142
936 1573147
937 1573151
938 1573157
939 1573162
940 1573166
941 1573170
942 1573174
943 1573178
944 1573181
945 1573185
946 1573188
947 1573190
948 1573191
949 1573192
950 1573194
951 1573196
952 1573199
953 1573202
954 1573205
955 1573206
956 1573209
957 1573210
958 1573211
959 1573211
960 1573213
961 1573214
962 1573215
963 1573215
964 1573216
965 1573217
966 1573217
967 1573219
968 1573221
969 1573223
970 1573226
971 1573229
972 1573233
973 1573238
974 1573242
975 1573247
976 1573251
977 1573254
978 1573258
979 1573262
980 1573265
981 1573267
982 1573270
983 1573271
984 1573272
985 1573272
986 1573271
987 1573269
988 1573267
989 1573264
990 1573260
991 1573256
992 1573253
993 1573249
994 1573247
995 1573244
996 1573240
997 1573234
998 1573228
999 1573222
1000 1573218
